[2019-03-19 13:27:13] local.ERROR: PDOException: SQLSTATE[HY000] [1049] Unknown database 'tms_test' in /var/www/html/Laravel/tms_api-staging/vendor/illuminate/database/Connectors/Connector.php:68
Stack trace:
#0 /var/www/html/Laravel/tms_api-staging/vendor/illuminate/database/Connectors/Connector.php(68): PDO->__construct('mysql:host=127....', 'root', 'root', Array)
#1 /var/www/html/Laravel/tms_api-staging/vendor/illuminate/database/Connectors/Connector.php(44): Illuminate\Database\Connectors\Connector->createPdoConnection('mysql:host=127....', 'root', 'root', Array)
#2 /var/www/html/Laravel/tms_api-staging/vendor/illuminate/database/Connectors/MySqlConnector.php(24): Illuminate\Database\Connectors\Connector->createConnection('mysql:host=127....', Array, Array)
#3 /var/www/html/Laravel/tms_api-staging/vendor/illuminate/database/Connectors/ConnectionFactory.php(182): Illuminate\Database\Connectors\MySqlConnector->connect(Array)
#4 [internal function]: Illuminate\Database\Connectors\ConnectionFactory->Illuminate\Database\Connectors\{closure}()
#5 /var/www/html/Laravel/tms_api-staging/vendor/illuminate/database/Connection.php(915): call_user_func(Object(Closure))
#6 /var/www/html/Laravel/tms_api-staging/vendor/illuminate/database/Connection.php(940): Illuminate\Database\Connection->getPdo()
#7 /var/www/html/Laravel/tms_api-staging/vendor/illuminate/database/Connection.php(399): Illuminate\Database\Connection->getReadPdo()
#8 /var/www/html/Laravel/tms_api-staging/vendor/illuminate/database/Connection.php(325): Illuminate\Database\Connection->getPdoForSelect(true)
#9 /var/www/html/Laravel/tms_api-staging/vendor/illuminate/database/Connection.php(657): Illuminate\Database\Connection->Illuminate\Database\{closure}('select * from i...', Array)
#10 /var/www/html/Laravel/tms_api-staging/vendor/illuminate/database/Connection.php(624): Illuminate\Database\Connection->runQueryCallback('select * from i...', Array, Object(Closure))
#11 /var/www/html/Laravel/tms_api-staging/vendor/illuminate/database/Connection.php(333): Illuminate\Database\Connection->run('select * from i...', Array, Object(Closure))
#12 /var/www/html/Laravel/tms_api-staging/vendor/illuminate/database/Schema/MySqlBuilder.php(18): Illuminate\Database\Connection->select('select * from i...', Array)
#13 /var/www/html/Laravel/tms_api-staging/vendor/illuminate/database/Migrations/DatabaseMigrationRepository.php(169): Illuminate\Database\Schema\MySqlBuilder->hasTable('migrations')
#14 /var/www/html/Laravel/tms_api-staging/vendor/illuminate/database/Migrations/Migrator.php(555): Illuminate\Database\Migrations\DatabaseMigrationRepository->repositoryExists()
#15 /var/www/html/Laravel/tms_api-staging/vendor/illuminate/database/Console/Migrations/StatusCommand.php(54): Illuminate\Database\Migrations\Migrator->repositoryExists()
#16 [internal function]: Illuminate\Database\Console\Migrations\StatusCommand->handle()
#17 /var/www/html/Laravel/tms_api-staging/vendor/illuminate/container/BoundMethod.php(29): call_user_func_array(Array, Array)
#18 /var/www/html/Laravel/tms_api-staging/vendor/illuminate/container/BoundMethod.php(87): Illuminate\Container\BoundMethod::Illuminate\Container\{closure}()
#19 /var/www/html/Laravel/tms_api-staging/vendor/illuminate/container/BoundMethod.php(31): Illuminate\Container\BoundMethod::callBoundMethod(Object(Laravel\Lumen\Application), Array, Object(Closure))
#20 /var/www/html/Laravel/tms_api-staging/vendor/illuminate/container/Container.php(564): Illuminate\Container\BoundMethod::call(Object(Laravel\Lumen\Application), Array, Array, NULL)
#21 /var/www/html/Laravel/tms_api-staging/vendor/illuminate/console/Command.php(179): Illuminate\Container\Container->call(Array)
#22 /var/www/html/Laravel/tms_api-staging/vendor/symfony/console/Command/Command.php(255): Illuminate\Console\Command->execute(Object(Symfony\Component\Console\Input\ArgvInput), Object(Illuminate\Console\OutputStyle))
#23 /var/www/html/Laravel/tms_api-staging/vendor/illuminate/console/Command.php(166): Symfony\Component\Console\Command\Command->run(Object(Symfony\Component\Console\Input\ArgvInput), Object(Illuminate\Console\OutputStyle))
#24 /var/www/html/Laravel/tms_api-staging/vendor/symfony/console/Application.php(908): Illuminate\Console\Command->run(Object(Symfony\Component\Console\Input\ArgvInput), Object(Symfony\Component\Console\Output\ConsoleOutput))
#25 /var/www/html/Laravel/tms_api-staging/vendor/symfony/console/Application.php(269): Symfony\Component\Console\Application->doRunCommand(Object(Illuminate\Database\Console\Migrations\StatusCommand), Object(Symfony\Component\Console\Input\ArgvInput), Object(Symfony\Component\Console\Output\ConsoleOutput))
#26 /var/www/html/Laravel/tms_api-staging/vendor/symfony/console/Application.php(145): Symfony\Component\Console\Application->doRun(Object(Symfony\Component\Console\Input\ArgvInput), Object(Symfony\Component\Console\Output\ConsoleOutput))
#27 /var/www/html/Laravel/tms_api-staging/vendor/illuminate/console/Application.php(89): Symfony\Component\Console\Application->run(Object(Symfony\Component\Console\Input\ArgvInput), Object(Symfony\Component\Console\Output\ConsoleOutput))
#28 /var/www/html/Laravel/tms_api-staging/vendor/laravel/lumen-framework/src/Console/Kernel.php(114): Illuminate\Console\Application->run(Object(Symfony\Component\Console\Input\ArgvInput), Object(Symfony\Component\Console\Output\ConsoleOutput))
#29 /var/www/html/Laravel/tms_api-staging/artisan(35): Laravel\Lumen\Console\Kernel->handle(Object(Symfony\Component\Console\Input\ArgvInput), Object(Symfony\Component\Console\Output\ConsoleOutput))
#30 {main}

Next Illuminate\Database\QueryException: SQLSTATE[HY000] [1049] Unknown database 'tms_test' (SQL: select * from information_schema.tables where table_schema = tms_test and table_name = migrations) in /var/www/html/Laravel/tms_api-staging/vendor/illuminate/database/Connection.php:664
Stack trace:
#0 /var/www/html/Laravel/tms_api-staging/vendor/illuminate/database/Connection.php(624): Illuminate\Database\Connection->runQueryCallback('select * from i...', Array, Object(Closure))
#1 /var/www/html/Laravel/tms_api-staging/vendor/illuminate/database/Connection.php(333): Illuminate\Database\Connection->run('select * from i...', Array, Object(Closure))
#2 /var/www/html/Laravel/tms_api-staging/vendor/illuminate/database/Schema/MySqlBuilder.php(18): Illuminate\Database\Connection->select('select * from i...', Array)
#3 /var/www/html/Laravel/tms_api-staging/vendor/illuminate/database/Migrations/DatabaseMigrationRepository.php(169): Illuminate\Database\Schema\MySqlBuilder->hasTable('migrations')
#4 /var/www/html/Laravel/tms_api-staging/vendor/illuminate/database/Migrations/Migrator.php(555): Illuminate\Database\Migrations\DatabaseMigrationRepository->repositoryExists()
#5 /var/www/html/Laravel/tms_api-staging/vendor/illuminate/database/Console/Migrations/StatusCommand.php(54): Illuminate\Database\Migrations\Migrator->repositoryExists()
#6 [internal function]: Illuminate\Database\Console\Migrations\StatusCommand->handle()
#7 /var/www/html/Laravel/tms_api-staging/vendor/illuminate/container/BoundMethod.php(29): call_user_func_array(Array, Array)
#8 /var/www/html/Laravel/tms_api-staging/vendor/illuminate/container/BoundMethod.php(87): Illuminate\Container\BoundMethod::Illuminate\Container\{closure}()
#9 /var/www/html/Laravel/tms_api-staging/vendor/illuminate/container/BoundMethod.php(31): Illuminate\Container\BoundMethod::callBoundMethod(Object(Laravel\Lumen\Application), Array, Object(Closure))
#10 /var/www/html/Laravel/tms_api-staging/vendor/illuminate/container/Container.php(564): Illuminate\Container\BoundMethod::call(Object(Laravel\Lumen\Application), Array, Array, NULL)
#11 /var/www/html/Laravel/tms_api-staging/vendor/illuminate/console/Command.php(179): Illuminate\Container\Container->call(Array)
#12 /var/www/html/Laravel/tms_api-staging/vendor/symfony/console/Command/Command.php(255): Illuminate\Console\Command->execute(Object(Symfony\Component\Console\Input\ArgvInput), Object(Illuminate\Console\OutputStyle))
#13 /var/www/html/Laravel/tms_api-staging/vendor/illuminate/console/Command.php(166): Symfony\Component\Console\Command\Command->run(Object(Symfony\Component\Console\Input\ArgvInput), Object(Illuminate\Console\OutputStyle))
#14 /var/www/html/Laravel/tms_api-staging/vendor/symfony/console/Application.php(908): Illuminate\Console\Command->run(Object(Symfony\Component\Console\Input\ArgvInput), Object(Symfony\Component\Console\Output\ConsoleOutput))
#15 /var/www/html/Laravel/tms_api-staging/vendor/symfony/console/Application.php(269): Symfony\Component\Console\Application->doRunCommand(Object(Illuminate\Database\Console\Migrations\StatusCommand), Object(Symfony\Component\Console\Input\ArgvInput), Object(Symfony\Component\Console\Output\ConsoleOutput))
#16 /var/www/html/Laravel/tms_api-staging/vendor/symfony/console/Application.php(145): Symfony\Component\Console\Application->doRun(Object(Symfony\Component\Console\Input\ArgvInput), Object(Symfony\Component\Console\Output\ConsoleOutput))
#17 /var/www/html/Laravel/tms_api-staging/vendor/illuminate/console/Application.php(89): Symfony\Component\Console\Application->run(Object(Symfony\Component\Console\Input\ArgvInput), Object(Symfony\Component\Console\Output\ConsoleOutput))
#18 /var/www/html/Laravel/tms_api-staging/vendor/laravel/lumen-framework/src/Console/Kernel.php(114): Illuminate\Console\Application->run(Object(Symfony\Component\Console\Input\ArgvInput), Object(Symfony\Component\Console\Output\ConsoleOutput))
#19 /var/www/html/Laravel/tms_api-staging/artisan(35): Laravel\Lumen\Console\Kernel->handle(Object(Symfony\Component\Console\Input\ArgvInput), Object(Symfony\Component\Console\Output\ConsoleOutput))
#20 {main} {"exception":"[object] (Illuminate\\Database\\QueryException(code: 1049): SQLSTATE[HY000] [1049] Unknown database 'tms_test' (SQL: select * from information_schema.tables where table_schema = tms_test and table_name = migrations) at /var/www/html/Laravel/tms_api-staging/vendor/illuminate/database/Connection.php:664, PDOException(code: 1049): SQLSTATE[HY000] [1049] Unknown database 'tms_test' at /var/www/html/Laravel/tms_api-staging/vendor/illuminate/database/Connectors/Connector.php:68)
[stacktrace]
#0 /var/www/html/Laravel/tms_api-staging/vendor/illuminate/database/Connection.php(624): Illuminate\\Database\\Connection->runQueryCallback('select * from i...', Array, Object(Closure))
#1 /var/www/html/Laravel/tms_api-staging/vendor/illuminate/database/Connection.php(333): Illuminate\\Database\\Connection->run('select * from i...', Array, Object(Closure))
#2 /var/www/html/Laravel/tms_api-staging/vendor/illuminate/database/Schema/MySqlBuilder.php(18): Illuminate\\Database\\Connection->select('select * from i...', Array)
#3 /var/www/html/Laravel/tms_api-staging/vendor/illuminate/database/Migrations/DatabaseMigrationRepository.php(169): Illuminate\\Database\\Schema\\MySqlBuilder->hasTable('migrations')
#4 /var/www/html/Laravel/tms_api-staging/vendor/illuminate/database/Migrations/Migrator.php(555): Illuminate\\Database\\Migrations\\DatabaseMigrationRepository->repositoryExists()
#5 /var/www/html/Laravel/tms_api-staging/vendor/illuminate/database/Console/Migrations/StatusCommand.php(54): Illuminate\\Database\\Migrations\\Migrator->repositoryExists()
#6 [internal function]: Illuminate\\Database\\Console\\Migrations\\StatusCommand->handle()
#7 /var/www/html/Laravel/tms_api-staging/vendor/illuminate/container/BoundMethod.php(29): call_user_func_array(Array, Array)
#8 /var/www/html/Laravel/tms_api-staging/vendor/illuminate/container/BoundMethod.php(87): Illuminate\\Container\\BoundMethod::Illuminate\\Container\\{closure}()
#9 /var/www/html/Laravel/tms_api-staging/vendor/illuminate/container/BoundMethod.php(31): Illuminate\\Container\\BoundMethod::callBoundMethod(Object(Laravel\\Lumen\\Application), Array, Object(Closure))
#10 /var/www/html/Laravel/tms_api-staging/vendor/illuminate/container/Container.php(564): Illuminate\\Container\\BoundMethod::call(Object(Laravel\\Lumen\\Application), Array, Array, NULL)
#11 /var/www/html/Laravel/tms_api-staging/vendor/illuminate/console/Command.php(179): Illuminate\\Container\\Container->call(Array)
#12 /var/www/html/Laravel/tms_api-staging/vendor/symfony/console/Command/Command.php(255): Illuminate\\Console\\Command->execute(Object(Symfony\\Component\\Console\\Input\\ArgvInput), Object(Illuminate\\Console\\OutputStyle))
#13 /var/www/html/Laravel/tms_api-staging/vendor/illuminate/console/Command.php(166): Symfony\\Component\\Console\\Command\\Command->run(Object(Symfony\\Component\\Console\\Input\\ArgvInput), Object(Illuminate\\Console\\OutputStyle))
#14 /var/www/html/Laravel/tms_api-staging/vendor/symfony/console/Application.php(908): Illuminate\\Console\\Command->run(Object(Symfony\\Component\\Console\\Input\\ArgvInput), Object(Symfony\\Component\\Console\\Output\\ConsoleOutput))
#15 /var/www/html/Laravel/tms_api-staging/vendor/symfony/console/Application.php(269): Symfony\\Component\\Console\\Application->doRunCommand(Object(Illuminate\\Database\\Console\\Migrations\\StatusCommand), Object(Symfony\\Component\\Console\\Input\\ArgvInput), Object(Symfony\\Component\\Console\\Output\\ConsoleOutput))
#16 /var/www/html/Laravel/tms_api-staging/vendor/symfony/console/Application.php(145): Symfony\\Component\\Console\\Application->doRun(Object(Symfony\\Component\\Console\\Input\\ArgvInput), Object(Symfony\\Component\\Console\\Output\\ConsoleOutput))
#17 /var/www/html/Laravel/tms_api-staging/vendor/illuminate/console/Application.php(89): Symfony\\Component\\Console\\Application->run(Object(Symfony\\Component\\Console\\Input\\ArgvInput), Object(Symfony\\Component\\Console\\Output\\ConsoleOutput))
#18 /var/www/html/Laravel/tms_api-staging/vendor/laravel/lumen-framework/src/Console/Kernel.php(114): Illuminate\\Console\\Application->run(Object(Symfony\\Component\\Console\\Input\\ArgvInput), Object(Symfony\\Component\\Console\\Output\\ConsoleOutput))
#19 /var/www/html/Laravel/tms_api-staging/artisan(35): Laravel\\Lumen\\Console\\Kernel->handle(Object(Symfony\\Component\\Console\\Input\\ArgvInput), Object(Symfony\\Component\\Console\\Output\\ConsoleOutput))
#20 {main}
"} 
[2019-03-19 13:30:53] local.ERROR: PDOException: SQLSTATE[23000]: Integrity constraint violation: 1062 Duplicate entry 'ACT' for key 'programme_types_prog_type_code_unique' in /var/www/html/Laravel/tms_api-staging/vendor/illuminate/database/Connection.php:458
Stack trace:
#0 /var/www/html/Laravel/tms_api-staging/vendor/illuminate/database/Connection.php(458): PDOStatement->execute()
#1 /var/www/html/Laravel/tms_api-staging/vendor/illuminate/database/Connection.php(657): Illuminate\Database\Connection->Illuminate\Database\{closure}('insert into `pr...', Array)
#2 /var/www/html/Laravel/tms_api-staging/vendor/illuminate/database/Connection.php(624): Illuminate\Database\Connection->runQueryCallback('insert into `pr...', Array, Object(Closure))
#3 /var/www/html/Laravel/tms_api-staging/vendor/illuminate/database/Connection.php(459): Illuminate\Database\Connection->run('insert into `pr...', Array, Object(Closure))
#4 /var/www/html/Laravel/tms_api-staging/vendor/illuminate/database/Connection.php(411): Illuminate\Database\Connection->statement('insert into `pr...', Array)
#5 /var/www/html/Laravel/tms_api-staging/vendor/illuminate/database/Query/Builder.php(2477): Illuminate\Database\Connection->insert('insert into `pr...', Array)
#6 /var/www/html/Laravel/tms_api-staging/vendor/illuminate/database/Eloquent/Builder.php(1283): Illuminate\Database\Query\Builder->insert(Array)
#7 /var/www/html/Laravel/tms_api-staging/vendor/illuminate/database/Eloquent/Model.php(1570): Illuminate\Database\Eloquent\Builder->__call('insert', Array)
#8 /var/www/html/Laravel/tms_api-staging/vendor/illuminate/database/Eloquent/Model.php(1582): Illuminate\Database\Eloquent\Model->__call('insert', Array)
#9 /var/www/html/Laravel/tms_api-staging/database/seeds/ProgrammeTypesTableSeeder.php(163): Illuminate\Database\Eloquent\Model::__callStatic('insert', Array)
#10 [internal function]: ProgrammeTypesTableSeeder->run()
#11 /var/www/html/Laravel/tms_api-staging/vendor/illuminate/container/BoundMethod.php(29): call_user_func_array(Array, Array)
#12 /var/www/html/Laravel/tms_api-staging/vendor/illuminate/container/BoundMethod.php(87): Illuminate\Container\BoundMethod::Illuminate\Container\{closure}()
#13 /var/www/html/Laravel/tms_api-staging/vendor/illuminate/container/BoundMethod.php(31): Illuminate\Container\BoundMethod::callBoundMethod(Object(Laravel\Lumen\Application), Array, Object(Closure))
#14 /var/www/html/Laravel/tms_api-staging/vendor/illuminate/container/Container.php(564): Illuminate\Container\BoundMethod::call(Object(Laravel\Lumen\Application), Array, Array, NULL)
#15 /var/www/html/Laravel/tms_api-staging/vendor/illuminate/database/Seeder.php(122): Illuminate\Container\Container->call(Array)
#16 /var/www/html/Laravel/tms_api-staging/vendor/illuminate/database/Seeder.php(42): Illuminate\Database\Seeder->__invoke()
#17 /var/www/html/Laravel/tms_api-staging/database/seeds/DatabaseSeeder.php(55): Illuminate\Database\Seeder->call('ProgrammeTypesT...')
#18 [internal function]: DatabaseSeeder->run()
#19 /var/www/html/Laravel/tms_api-staging/vendor/illuminate/container/BoundMethod.php(29): call_user_func_array(Array, Array)
#20 /var/www/html/Laravel/tms_api-staging/vendor/illuminate/container/BoundMethod.php(87): Illuminate\Container\BoundMethod::Illuminate\Container\{closure}()
#21 /var/www/html/Laravel/tms_api-staging/vendor/illuminate/container/BoundMethod.php(31): Illuminate\Container\BoundMethod::callBoundMethod(Object(Laravel\Lumen\Application), Array, Object(Closure))
#22 /var/www/html/Laravel/tms_api-staging/vendor/illuminate/container/Container.php(564): Illuminate\Container\BoundMethod::call(Object(Laravel\Lumen\Application), Array, Array, NULL)
#23 /var/www/html/Laravel/tms_api-staging/vendor/illuminate/database/Seeder.php(122): Illuminate\Container\Container->call(Array)
#24 /var/www/html/Laravel/tms_api-staging/vendor/illuminate/database/Console/Seeds/SeedCommand.php(63): Illuminate\Database\Seeder->__invoke()
#25 /var/www/html/Laravel/tms_api-staging/vendor/illuminate/database/Eloquent/Concerns/GuardsAttributes.php(122): Illuminate\Database\Console\Seeds\SeedCommand->Illuminate\Database\Console\Seeds\{closure}()
#26 /var/www/html/Laravel/tms_api-staging/vendor/illuminate/database/Console/Seeds/SeedCommand.php(64): Illuminate\Database\Eloquent\Model::unguarded(Object(Closure))
#27 [internal function]: Illuminate\Database\Console\Seeds\SeedCommand->handle()
#28 /var/www/html/Laravel/tms_api-staging/vendor/illuminate/container/BoundMethod.php(29): call_user_func_array(Array, Array)
#29 /var/www/html/Laravel/tms_api-staging/vendor/illuminate/container/BoundMethod.php(87): Illuminate\Container\BoundMethod::Illuminate\Container\{closure}()
#30 /var/www/html/Laravel/tms_api-staging/vendor/illuminate/container/BoundMethod.php(31): Illuminate\Container\BoundMethod::callBoundMethod(Object(Laravel\Lumen\Application), Array, Object(Closure))
#31 /var/www/html/Laravel/tms_api-staging/vendor/illuminate/container/Container.php(564): Illuminate\Container\BoundMethod::call(Object(Laravel\Lumen\Application), Array, Array, NULL)
#32 /var/www/html/Laravel/tms_api-staging/vendor/illuminate/console/Command.php(179): Illuminate\Container\Container->call(Array)
#33 /var/www/html/Laravel/tms_api-staging/vendor/symfony/console/Command/Command.php(255): Illuminate\Console\Command->execute(Object(Symfony\Component\Console\Input\ArgvInput), Object(Illuminate\Console\OutputStyle))
#34 /var/www/html/Laravel/tms_api-staging/vendor/illuminate/console/Command.php(166): Symfony\Component\Console\Command\Command->run(Object(Symfony\Component\Console\Input\ArgvInput), Object(Illuminate\Console\OutputStyle))
#35 /var/www/html/Laravel/tms_api-staging/vendor/symfony/console/Application.php(908): Illuminate\Console\Command->run(Object(Symfony\Component\Console\Input\ArgvInput), Object(Symfony\Component\Console\Output\ConsoleOutput))
#36 /var/www/html/Laravel/tms_api-staging/vendor/symfony/console/Application.php(269): Symfony\Component\Console\Application->doRunCommand(Object(Illuminate\Database\Console\Seeds\SeedCommand), Object(Symfony\Component\Console\Input\ArgvInput), Object(Symfony\Component\Console\Output\ConsoleOutput))
#37 /var/www/html/Laravel/tms_api-staging/vendor/symfony/console/Application.php(145): Symfony\Component\Console\Application->doRun(Object(Symfony\Component\Console\Input\ArgvInput), Object(Symfony\Component\Console\Output\ConsoleOutput))
#38 /var/www/html/Laravel/tms_api-staging/vendor/illuminate/console/Application.php(89): Symfony\Component\Console\Application->run(Object(Symfony\Component\Console\Input\ArgvInput), Object(Symfony\Component\Console\Output\ConsoleOutput))
#39 /var/www/html/Laravel/tms_api-staging/vendor/laravel/lumen-framework/src/Console/Kernel.php(114): Illuminate\Console\Application->run(Object(Symfony\Component\Console\Input\ArgvInput), Object(Symfony\Component\Console\Output\ConsoleOutput))
#40 /var/www/html/Laravel/tms_api-staging/artisan(35): Laravel\Lumen\Console\Kernel->handle(Object(Symfony\Component\Console\Input\ArgvInput), Object(Symfony\Component\Console\Output\ConsoleOutput))
#41 {main}

Next Illuminate\Database\QueryException: SQLSTATE[23000]: Integrity constraint violation: 1062 Duplicate entry 'ACT' for key 'programme_types_prog_type_code_unique' (SQL: insert into `programme_types` (`created_at`, `prog_type_code`, `prog_type_name`, `updated_at`) values (2019-03-19 13:30:53, ACT, ACT, 2019-03-19 13:30:53), (2019-03-19 13:30:53, CON, CON, 2019-03-19 13:30:53), (2019-03-19 13:30:53, CSV, CSV, 2019-03-19 13:30:53), (2019-03-19 13:30:53, CYS, CYS, 2019-03-19 13:30:53), (2019-03-19 13:30:53, DGI, DGI, 2019-03-19 13:30:53), (2019-03-19 13:30:53, ENF, ENF, 2019-03-19 13:30:53), (2019-03-19 13:30:53, EXD, EXD, 2019-03-19 13:30:53), (2019-03-19 13:30:53, FNP, FNP, 2019-03-19 13:30:53), (2019-03-19 13:30:53, HRM, HRM, 2019-03-19 13:30:53), (2019-03-19 13:30:53, IA, IA, 2019-03-19 13:30:53), (2019-03-19 13:30:53, INT, INT, 2019-03-19 13:30:53), (2019-03-19 13:30:53, LDS, LDS, 2019-03-19 13:30:53), (2019-03-19 13:30:53, LST, LST, 2019-03-19 13:30:53), (2019-03-19 13:30:53, OEX, OEX, 2019-03-19 13:30:53), (2019-03-19 13:30:53, SOJT, SOJT, 2019-03-19 13:30:53), (2019-03-19 13:30:53, ONB, ONB, 2019-03-19 13:30:53), (2019-03-19 13:30:53, OVS, OVS, 2019-03-19 13:30:53), (2019-03-19 13:30:53, Work Skills Qualification, Work Skills Qualification, 2019-03-19 13:30:53), (2019-03-19 13:30:53, SAF, SAF, 2019-03-19 13:30:53), (2019-03-19 13:30:53, SOF, SOF, 2019-03-19 13:30:53), (2019-03-19 13:30:53, TEC, TEC, 2019-03-19 13:30:53), (2019-03-19 13:30:53, WSQ, WSQ, 2019-03-19 13:30:53), (2019-03-19 13:30:53, OTH, OTH, 2019-03-19 13:30:53), (2019-03-19 13:30:53, ACT, ACT, 2019-03-19 13:30:53), (2019-03-19 13:30:53, CON, CON, 2019-03-19 13:30:53), (2019-03-19 13:30:53, CSV, CSV, 2019-03-19 13:30:53), (2019-03-19 13:30:53, CYS, CYS, 2019-03-19 13:30:53), (2019-03-19 13:30:53, DGL, DGL, 2019-03-19 13:30:53), (2019-03-19 13:30:53, ENF, ENF, 2019-03-19 13:30:53), (2019-03-19 13:30:53, EXD, EXD, 2019-03-19 13:30:53), (2019-03-19 13:30:53, TEC, TEC, 2019-03-19 13:30:53), (2019-03-19 13:30:53, FNP, FNP, 2019-03-19 13:30:53), (2019-03-19 13:30:53, HRM, HRM, 2019-03-19 13:30:53), (2019-03-19 13:30:53, IAU, IAU, 2019-03-19 13:30:53), (2019-03-19 13:30:53, INT, INT, 2019-03-19 13:30:53), (2019-03-19 13:30:53, LDS, LDS, 2019-03-19 13:30:53), (2019-03-19 13:30:53, LST, LST, 2019-03-19 13:30:53), (2019-03-19 13:30:53, ONB, ONB, 2019-03-19 13:30:53), (2019-03-19 13:30:53, OEX, OEX, 2019-03-19 13:30:53), (2019-03-19 13:30:53, SAF, SAF, 2019-03-19 13:30:53), (2019-03-19 13:30:53, SOF, SOF, 2019-03-19 13:30:53), (2019-03-19 13:30:53, OJT, OJT, 2019-03-19 13:30:53), (2019-03-19 13:30:53, WSQ, WSQ, 2019-03-19 13:30:53), (2019-03-19 13:30:53, OTH, OTH, 2019-03-19 13:30:53)) in /var/www/html/Laravel/tms_api-staging/vendor/illuminate/database/Connection.php:664
Stack trace:
#0 /var/www/html/Laravel/tms_api-staging/vendor/illuminate/database/Connection.php(624): Illuminate\Database\Connection->runQueryCallback('insert into `pr...', Array, Object(Closure))
#1 /var/www/html/Laravel/tms_api-staging/vendor/illuminate/database/Connection.php(459): Illuminate\Database\Connection->run('insert into `pr...', Array, Object(Closure))
#2 /var/www/html/Laravel/tms_api-staging/vendor/illuminate/database/Connection.php(411): Illuminate\Database\Connection->statement('insert into `pr...', Array)
#3 /var/www/html/Laravel/tms_api-staging/vendor/illuminate/database/Query/Builder.php(2477): Illuminate\Database\Connection->insert('insert into `pr...', Array)
#4 /var/www/html/Laravel/tms_api-staging/vendor/illuminate/database/Eloquent/Builder.php(1283): Illuminate\Database\Query\Builder->insert(Array)
#5 /var/www/html/Laravel/tms_api-staging/vendor/illuminate/database/Eloquent/Model.php(1570): Illuminate\Database\Eloquent\Builder->__call('insert', Array)
#6 /var/www/html/Laravel/tms_api-staging/vendor/illuminate/database/Eloquent/Model.php(1582): Illuminate\Database\Eloquent\Model->__call('insert', Array)
#7 /var/www/html/Laravel/tms_api-staging/database/seeds/ProgrammeTypesTableSeeder.php(163): Illuminate\Database\Eloquent\Model::__callStatic('insert', Array)
#8 [internal function]: ProgrammeTypesTableSeeder->run()
#9 /var/www/html/Laravel/tms_api-staging/vendor/illuminate/container/BoundMethod.php(29): call_user_func_array(Array, Array)
#10 /var/www/html/Laravel/tms_api-staging/vendor/illuminate/container/BoundMethod.php(87): Illuminate\Container\BoundMethod::Illuminate\Container\{closure}()
#11 /var/www/html/Laravel/tms_api-staging/vendor/illuminate/container/BoundMethod.php(31): Illuminate\Container\BoundMethod::callBoundMethod(Object(Laravel\Lumen\Application), Array, Object(Closure))
#12 /var/www/html/Laravel/tms_api-staging/vendor/illuminate/container/Container.php(564): Illuminate\Container\BoundMethod::call(Object(Laravel\Lumen\Application), Array, Array, NULL)
#13 /var/www/html/Laravel/tms_api-staging/vendor/illuminate/database/Seeder.php(122): Illuminate\Container\Container->call(Array)
#14 /var/www/html/Laravel/tms_api-staging/vendor/illuminate/database/Seeder.php(42): Illuminate\Database\Seeder->__invoke()
#15 /var/www/html/Laravel/tms_api-staging/database/seeds/DatabaseSeeder.php(55): Illuminate\Database\Seeder->call('ProgrammeTypesT...')
#16 [internal function]: DatabaseSeeder->run()
#17 /var/www/html/Laravel/tms_api-staging/vendor/illuminate/container/BoundMethod.php(29): call_user_func_array(Array, Array)
#18 /var/www/html/Laravel/tms_api-staging/vendor/illuminate/container/BoundMethod.php(87): Illuminate\Container\BoundMethod::Illuminate\Container\{closure}()
#19 /var/www/html/Laravel/tms_api-staging/vendor/illuminate/container/BoundMethod.php(31): Illuminate\Container\BoundMethod::callBoundMethod(Object(Laravel\Lumen\Application), Array, Object(Closure))
#20 /var/www/html/Laravel/tms_api-staging/vendor/illuminate/container/Container.php(564): Illuminate\Container\BoundMethod::call(Object(Laravel\Lumen\Application), Array, Array, NULL)
#21 /var/www/html/Laravel/tms_api-staging/vendor/illuminate/database/Seeder.php(122): Illuminate\Container\Container->call(Array)
#22 /var/www/html/Laravel/tms_api-staging/vendor/illuminate/database/Console/Seeds/SeedCommand.php(63): Illuminate\Database\Seeder->__invoke()
#23 /var/www/html/Laravel/tms_api-staging/vendor/illuminate/database/Eloquent/Concerns/GuardsAttributes.php(122): Illuminate\Database\Console\Seeds\SeedCommand->Illuminate\Database\Console\Seeds\{closure}()
#24 /var/www/html/Laravel/tms_api-staging/vendor/illuminate/database/Console/Seeds/SeedCommand.php(64): Illuminate\Database\Eloquent\Model::unguarded(Object(Closure))
#25 [internal function]: Illuminate\Database\Console\Seeds\SeedCommand->handle()
#26 /var/www/html/Laravel/tms_api-staging/vendor/illuminate/container/BoundMethod.php(29): call_user_func_array(Array, Array)
#27 /var/www/html/Laravel/tms_api-staging/vendor/illuminate/container/BoundMethod.php(87): Illuminate\Container\BoundMethod::Illuminate\Container\{closure}()
#28 /var/www/html/Laravel/tms_api-staging/vendor/illuminate/container/BoundMethod.php(31): Illuminate\Container\BoundMethod::callBoundMethod(Object(Laravel\Lumen\Application), Array, Object(Closure))
#29 /var/www/html/Laravel/tms_api-staging/vendor/illuminate/container/Container.php(564): Illuminate\Container\BoundMethod::call(Object(Laravel\Lumen\Application), Array, Array, NULL)
#30 /var/www/html/Laravel/tms_api-staging/vendor/illuminate/console/Command.php(179): Illuminate\Container\Container->call(Array)
#31 /var/www/html/Laravel/tms_api-staging/vendor/symfony/console/Command/Command.php(255): Illuminate\Console\Command->execute(Object(Symfony\Component\Console\Input\ArgvInput), Object(Illuminate\Console\OutputStyle))
#32 /var/www/html/Laravel/tms_api-staging/vendor/illuminate/console/Command.php(166): Symfony\Component\Console\Command\Command->run(Object(Symfony\Component\Console\Input\ArgvInput), Object(Illuminate\Console\OutputStyle))
#33 /var/www/html/Laravel/tms_api-staging/vendor/symfony/console/Application.php(908): Illuminate\Console\Command->run(Object(Symfony\Component\Console\Input\ArgvInput), Object(Symfony\Component\Console\Output\ConsoleOutput))
#34 /var/www/html/Laravel/tms_api-staging/vendor/symfony/console/Application.php(269): Symfony\Component\Console\Application->doRunCommand(Object(Illuminate\Database\Console\Seeds\SeedCommand), Object(Symfony\Component\Console\Input\ArgvInput), Object(Symfony\Component\Console\Output\ConsoleOutput))
#35 /var/www/html/Laravel/tms_api-staging/vendor/symfony/console/Application.php(145): Symfony\Component\Console\Application->doRun(Object(Symfony\Component\Console\Input\ArgvInput), Object(Symfony\Component\Console\Output\ConsoleOutput))
#36 /var/www/html/Laravel/tms_api-staging/vendor/illuminate/console/Application.php(89): Symfony\Component\Console\Application->run(Object(Symfony\Component\Console\Input\ArgvInput), Object(Symfony\Component\Console\Output\ConsoleOutput))
#37 /var/www/html/Laravel/tms_api-staging/vendor/laravel/lumen-framework/src/Console/Kernel.php(114): Illuminate\Console\Application->run(Object(Symfony\Component\Console\Input\ArgvInput), Object(Symfony\Component\Console\Output\ConsoleOutput))
#38 /var/www/html/Laravel/tms_api-staging/artisan(35): Laravel\Lumen\Console\Kernel->handle(Object(Symfony\Component\Console\Input\ArgvInput), Object(Symfony\Component\Console\Output\ConsoleOutput))
#39 {main} {"exception":"[object] (Illuminate\\Database\\QueryException(code: 23000): SQLSTATE[23000]: Integrity constraint violation: 1062 Duplicate entry 'ACT' for key 'programme_types_prog_type_code_unique' (SQL: insert into `programme_types` (`created_at`, `prog_type_code`, `prog_type_name`, `updated_at`) values (2019-03-19 13:30:53, ACT, ACT, 2019-03-19 13:30:53), (2019-03-19 13:30:53, CON, CON, 2019-03-19 13:30:53), (2019-03-19 13:30:53, CSV, CSV, 2019-03-19 13:30:53), (2019-03-19 13:30:53, CYS, CYS, 2019-03-19 13:30:53), (2019-03-19 13:30:53, DGI, DGI, 2019-03-19 13:30:53), (2019-03-19 13:30:53, ENF, ENF, 2019-03-19 13:30:53), (2019-03-19 13:30:53, EXD, EXD, 2019-03-19 13:30:53), (2019-03-19 13:30:53, FNP, FNP, 2019-03-19 13:30:53), (2019-03-19 13:30:53, HRM, HRM, 2019-03-19 13:30:53), (2019-03-19 13:30:53, IA, IA, 2019-03-19 13:30:53), (2019-03-19 13:30:53, INT, INT, 2019-03-19 13:30:53), (2019-03-19 13:30:53, LDS, LDS, 2019-03-19 13:30:53), (2019-03-19 13:30:53, LST, LST, 2019-03-19 13:30:53), (2019-03-19 13:30:53, OEX, OEX, 2019-03-19 13:30:53), (2019-03-19 13:30:53, SOJT, SOJT, 2019-03-19 13:30:53), (2019-03-19 13:30:53, ONB, ONB, 2019-03-19 13:30:53), (2019-03-19 13:30:53, OVS, OVS, 2019-03-19 13:30:53), (2019-03-19 13:30:53, Work Skills Qualification, Work Skills Qualification, 2019-03-19 13:30:53), (2019-03-19 13:30:53, SAF, SAF, 2019-03-19 13:30:53), (2019-03-19 13:30:53, SOF, SOF, 2019-03-19 13:30:53), (2019-03-19 13:30:53, TEC, TEC, 2019-03-19 13:30:53), (2019-03-19 13:30:53, WSQ, WSQ, 2019-03-19 13:30:53), (2019-03-19 13:30:53, OTH, OTH, 2019-03-19 13:30:53), (2019-03-19 13:30:53, ACT, ACT, 2019-03-19 13:30:53), (2019-03-19 13:30:53, CON, CON, 2019-03-19 13:30:53), (2019-03-19 13:30:53, CSV, CSV, 2019-03-19 13:30:53), (2019-03-19 13:30:53, CYS, CYS, 2019-03-19 13:30:53), (2019-03-19 13:30:53, DGL, DGL, 2019-03-19 13:30:53), (2019-03-19 13:30:53, ENF, ENF, 2019-03-19 13:30:53), (2019-03-19 13:30:53, EXD, EXD, 2019-03-19 13:30:53), (2019-03-19 13:30:53, TEC, TEC, 2019-03-19 13:30:53), (2019-03-19 13:30:53, FNP, FNP, 2019-03-19 13:30:53), (2019-03-19 13:30:53, HRM, HRM, 2019-03-19 13:30:53), (2019-03-19 13:30:53, IAU, IAU, 2019-03-19 13:30:53), (2019-03-19 13:30:53, INT, INT, 2019-03-19 13:30:53), (2019-03-19 13:30:53, LDS, LDS, 2019-03-19 13:30:53), (2019-03-19 13:30:53, LST, LST, 2019-03-19 13:30:53), (2019-03-19 13:30:53, ONB, ONB, 2019-03-19 13:30:53), (2019-03-19 13:30:53, OEX, OEX, 2019-03-19 13:30:53), (2019-03-19 13:30:53, SAF, SAF, 2019-03-19 13:30:53), (2019-03-19 13:30:53, SOF, SOF, 2019-03-19 13:30:53), (2019-03-19 13:30:53, OJT, OJT, 2019-03-19 13:30:53), (2019-03-19 13:30:53, WSQ, WSQ, 2019-03-19 13:30:53), (2019-03-19 13:30:53, OTH, OTH, 2019-03-19 13:30:53)) at /var/www/html/Laravel/tms_api-staging/vendor/illuminate/database/Connection.php:664, PDOException(code: 23000): SQLSTATE[23000]: Integrity constraint violation: 1062 Duplicate entry 'ACT' for key 'programme_types_prog_type_code_unique' at /var/www/html/Laravel/tms_api-staging/vendor/illuminate/database/Connection.php:458)
[stacktrace]
#0 /var/www/html/Laravel/tms_api-staging/vendor/illuminate/database/Connection.php(624): Illuminate\\Database\\Connection->runQueryCallback('insert into `pr...', Array, Object(Closure))
#1 /var/www/html/Laravel/tms_api-staging/vendor/illuminate/database/Connection.php(459): Illuminate\\Database\\Connection->run('insert into `pr...', Array, Object(Closure))
#2 /var/www/html/Laravel/tms_api-staging/vendor/illuminate/database/Connection.php(411): Illuminate\\Database\\Connection->statement('insert into `pr...', Array)
#3 /var/www/html/Laravel/tms_api-staging/vendor/illuminate/database/Query/Builder.php(2477): Illuminate\\Database\\Connection->insert('insert into `pr...', Array)
#4 /var/www/html/Laravel/tms_api-staging/vendor/illuminate/database/Eloquent/Builder.php(1283): Illuminate\\Database\\Query\\Builder->insert(Array)
#5 /var/www/html/Laravel/tms_api-staging/vendor/illuminate/database/Eloquent/Model.php(1570): Illuminate\\Database\\Eloquent\\Builder->__call('insert', Array)
#6 /var/www/html/Laravel/tms_api-staging/vendor/illuminate/database/Eloquent/Model.php(1582): Illuminate\\Database\\Eloquent\\Model->__call('insert', Array)
#7 /var/www/html/Laravel/tms_api-staging/database/seeds/ProgrammeTypesTableSeeder.php(163): Illuminate\\Database\\Eloquent\\Model::__callStatic('insert', Array)
#8 [internal function]: ProgrammeTypesTableSeeder->run()
#9 /var/www/html/Laravel/tms_api-staging/vendor/illuminate/container/BoundMethod.php(29): call_user_func_array(Array, Array)
#10 /var/www/html/Laravel/tms_api-staging/vendor/illuminate/container/BoundMethod.php(87): Illuminate\\Container\\BoundMethod::Illuminate\\Container\\{closure}()
#11 /var/www/html/Laravel/tms_api-staging/vendor/illuminate/container/BoundMethod.php(31): Illuminate\\Container\\BoundMethod::callBoundMethod(Object(Laravel\\Lumen\\Application), Array, Object(Closure))
#12 /var/www/html/Laravel/tms_api-staging/vendor/illuminate/container/Container.php(564): Illuminate\\Container\\BoundMethod::call(Object(Laravel\\Lumen\\Application), Array, Array, NULL)
#13 /var/www/html/Laravel/tms_api-staging/vendor/illuminate/database/Seeder.php(122): Illuminate\\Container\\Container->call(Array)
#14 /var/www/html/Laravel/tms_api-staging/vendor/illuminate/database/Seeder.php(42): Illuminate\\Database\\Seeder->__invoke()
#15 /var/www/html/Laravel/tms_api-staging/database/seeds/DatabaseSeeder.php(55): Illuminate\\Database\\Seeder->call('ProgrammeTypesT...')
#16 [internal function]: DatabaseSeeder->run()
#17 /var/www/html/Laravel/tms_api-staging/vendor/illuminate/container/BoundMethod.php(29): call_user_func_array(Array, Array)
#18 /var/www/html/Laravel/tms_api-staging/vendor/illuminate/container/BoundMethod.php(87): Illuminate\\Container\\BoundMethod::Illuminate\\Container\\{closure}()
#19 /var/www/html/Laravel/tms_api-staging/vendor/illuminate/container/BoundMethod.php(31): Illuminate\\Container\\BoundMethod::callBoundMethod(Object(Laravel\\Lumen\\Application), Array, Object(Closure))
#20 /var/www/html/Laravel/tms_api-staging/vendor/illuminate/container/Container.php(564): Illuminate\\Container\\BoundMethod::call(Object(Laravel\\Lumen\\Application), Array, Array, NULL)
#21 /var/www/html/Laravel/tms_api-staging/vendor/illuminate/database/Seeder.php(122): Illuminate\\Container\\Container->call(Array)
#22 /var/www/html/Laravel/tms_api-staging/vendor/illuminate/database/Console/Seeds/SeedCommand.php(63): Illuminate\\Database\\Seeder->__invoke()
#23 /var/www/html/Laravel/tms_api-staging/vendor/illuminate/database/Eloquent/Concerns/GuardsAttributes.php(122): Illuminate\\Database\\Console\\Seeds\\SeedCommand->Illuminate\\Database\\Console\\Seeds\\{closure}()
#24 /var/www/html/Laravel/tms_api-staging/vendor/illuminate/database/Console/Seeds/SeedCommand.php(64): Illuminate\\Database\\Eloquent\\Model::unguarded(Object(Closure))
#25 [internal function]: Illuminate\\Database\\Console\\Seeds\\SeedCommand->handle()
#26 /var/www/html/Laravel/tms_api-staging/vendor/illuminate/container/BoundMethod.php(29): call_user_func_array(Array, Array)
#27 /var/www/html/Laravel/tms_api-staging/vendor/illuminate/container/BoundMethod.php(87): Illuminate\\Container\\BoundMethod::Illuminate\\Container\\{closure}()
#28 /var/www/html/Laravel/tms_api-staging/vendor/illuminate/container/BoundMethod.php(31): Illuminate\\Container\\BoundMethod::callBoundMethod(Object(Laravel\\Lumen\\Application), Array, Object(Closure))
#29 /var/www/html/Laravel/tms_api-staging/vendor/illuminate/container/Container.php(564): Illuminate\\Container\\BoundMethod::call(Object(Laravel\\Lumen\\Application), Array, Array, NULL)
#30 /var/www/html/Laravel/tms_api-staging/vendor/illuminate/console/Command.php(179): Illuminate\\Container\\Container->call(Array)
#31 /var/www/html/Laravel/tms_api-staging/vendor/symfony/console/Command/Command.php(255): Illuminate\\Console\\Command->execute(Object(Symfony\\Component\\Console\\Input\\ArgvInput), Object(Illuminate\\Console\\OutputStyle))
#32 /var/www/html/Laravel/tms_api-staging/vendor/illuminate/console/Command.php(166): Symfony\\Component\\Console\\Command\\Command->run(Object(Symfony\\Component\\Console\\Input\\ArgvInput), Object(Illuminate\\Console\\OutputStyle))
#33 /var/www/html/Laravel/tms_api-staging/vendor/symfony/console/Application.php(908): Illuminate\\Console\\Command->run(Object(Symfony\\Component\\Console\\Input\\ArgvInput), Object(Symfony\\Component\\Console\\Output\\ConsoleOutput))
#34 /var/www/html/Laravel/tms_api-staging/vendor/symfony/console/Application.php(269): Symfony\\Component\\Console\\Application->doRunCommand(Object(Illuminate\\Database\\Console\\Seeds\\SeedCommand), Object(Symfony\\Component\\Console\\Input\\ArgvInput), Object(Symfony\\Component\\Console\\Output\\ConsoleOutput))
#35 /var/www/html/Laravel/tms_api-staging/vendor/symfony/console/Application.php(145): Symfony\\Component\\Console\\Application->doRun(Object(Symfony\\Component\\Console\\Input\\ArgvInput), Object(Symfony\\Component\\Console\\Output\\ConsoleOutput))
#36 /var/www/html/Laravel/tms_api-staging/vendor/illuminate/console/Application.php(89): Symfony\\Component\\Console\\Application->run(Object(Symfony\\Component\\Console\\Input\\ArgvInput), Object(Symfony\\Component\\Console\\Output\\ConsoleOutput))
#37 /var/www/html/Laravel/tms_api-staging/vendor/laravel/lumen-framework/src/Console/Kernel.php(114): Illuminate\\Console\\Application->run(Object(Symfony\\Component\\Console\\Input\\ArgvInput), Object(Symfony\\Component\\Console\\Output\\ConsoleOutput))
#38 /var/www/html/Laravel/tms_api-staging/artisan(35): Laravel\\Lumen\\Console\\Kernel->handle(Object(Symfony\\Component\\Console\\Input\\ArgvInput), Object(Symfony\\Component\\Console\\Output\\ConsoleOutput))
#39 {main}
"} 
